<?xml version="1.0" encoding="UTF-8"?>
<!-- Generated by org.testng.reporters.JUnitReportReporter -->
<testsuite hostname="DESKTOP-P30GLT5" failures="0" tests="6" name="seleniumtraining.testpriority" time="0.019" errors="0" timestamp="2022-10-10T13:18:41 CDT" skipped="0">
  <testcase classname="seleniumtraining.testpriority" name="atest3" time="0.010"/>
  <system-out/>
  <testcase classname="seleniumtraining.testpriority" name="abc" time="0.002"/>
  <system-out/>
  <testcase classname="seleniumtraining.testpriority" name="xyz" time="0.002"/>
  <system-out/>
  <testcase classname="seleniumtraining.testpriority" name="hyz" time="0.002"/>
  <system-out/>
  <testcase classname="seleniumtraining.testpriority" name="test1" time="0.001"/>
  <system-out/>
  <testcase classname="seleniumtraining.testpriority" name="test2" time="0.002"/>
  <system-out/>
</testsuite> <!-- seleniumtraining.testpriority -->
