<?xml version="1.0" encoding="UTF-8"?>
<!-- Generated by org.testng.reporters.JUnitReportReporter -->
<testsuite hostname="DESKTOP-P30GLT5" failures="0" tests="1" name="seleniumtraining.Fblogin" time="3.650" errors="0" timestamp="2022-10-05T17:41:00 CDT" skipped="0">
  <testcase classname="seleniumtraining.Fblogin" name="fblogin1" time="3.650"/>
  <system-out/>
</testsuite> <!-- seleniumtraining.Fblogin -->
