<?xml version="1.0" encoding="UTF-8"?>
<!-- Generated by org.testng.reporters.JUnitReportReporter -->
<testsuite hostname="DESKTOP-P30GLT5" failures="0" tests="1" name="seleniumtraining.coursenavigation" time="43.596" errors="0" timestamp="2022-05-08T06:00:10 PDT" skipped="0">
  <testcase classname="seleniumtraining.coursenavigation" name="basepagenavigation" time="43.596"/>
  <system-out/>
</testsuite> <!-- seleniumtraining.coursenavigation -->
