<?xml version="1.0" encoding="UTF-8"?>
<!-- Generated by org.testng.reporters.JUnitReportReporter -->
<testsuite hostname="DESKTOP-P30GLT5" failures="0" tests="1" name="seleniumtraining.amezonsearch" time="13.002" errors="0" timestamp="2022-10-05T22:49:05 CDT" skipped="0">
  <testcase classname="seleniumtraining.amezonsearch" name="wordsearch" time="13.002"/>
  <system-out/>
</testsuite> <!-- seleniumtraining.amezonsearch -->
