<?xml version="1.0" encoding="UTF-8"?>
<!-- Generated by org.testng.reporters.JUnitReportReporter -->
<testsuite hostname="DESKTOP-P30GLT5" failures="0" tests="2" name="seleniumtraining.HomePage" time="65.438" errors="0" timestamp="2022-05-08T06:00:10 PDT" skipped="0">
  <testcase classname="seleniumtraining.HomePage" name="basepagenavigation" time="43.641"/>
  <system-out/>
  <testcase classname="seleniumtraining.HomePage" name="basepagenavigation" time="21.797"/>
  <system-out/>
</testsuite> <!-- seleniumtraining.HomePage -->
