<?xml version="1.0" encoding="UTF-8"?>
<!-- Generated by org.testng.reporters.JUnitReportReporter -->
<testsuite hostname="DESKTOP-P30GLT5" failures="0" tests="1" name="seleniumtraining.coursenavigation" time="25.517" errors="0" timestamp="7 May 2022 11:28:15 GMT">
  <testcase classname="seleniumtraining.coursenavigation" name="basepagenavigation" time="25.517"/>
</testsuite> <!-- seleniumtraining.coursenavigation -->
