<?xml version="1.0" encoding="UTF-8"?>
<!-- Generated by org.testng.reporters.JUnitReportReporter -->
<testsuite hostname="DESKTOP-P30GLT5" failures="0" tests="2" name="seleniumtraining.HomePage" time="57.844" errors="0" timestamp="7 May 2022 11:28:15 GMT">
  <testcase classname="seleniumtraining.HomePage" name="basepagenavigation" time="24.975"/>
  <testcase classname="seleniumtraining.HomePage" name="basepagenavigation" time="32.869"/>
</testsuite> <!-- seleniumtraining.HomePage -->
